2023-08-02 23:24:01 [scrapy.utils.log] INFO: Scrapy 2.9.0 started (bot: scrapybot)
2023-08-02 23:24:01 [scrapy.utils.log] INFO: Versions: lxml 4.9.2.0, libxml2 2.9.13, cssselect 1.2.0, parsel 1.8.1, w3lib 2.1.1, Twisted 22.10.0, Python 3.11.4 (main, Jun 20 2023, 17:23:00) [Clang 14.0.3 (clang-1403.0.22.14.1)], pyOpenSSL 23.1.1 (OpenSSL 3.1.0 14 Mar 2023), cryptography 40.0.2, Platform macOS-13.2.1-arm64-arm-64bit
2023-08-02 23:24:01 [scrapy.crawler] INFO: Overridden settings:
{}
2023-08-02 23:24:01 [py.warnings] WARNING: /opt/homebrew/lib/python3.11/site-packages/scrapy/utils/request.py:232: ScrapyDeprecationWarning: '2.6' is a deprecated value for the 'REQUEST_FINGERPRINTER_IMPLEMENTATION' setting.

It is also the default value. In other words, it is normal to get this warning if you have not defined a value for the 'REQUEST_FINGERPRINTER_IMPLEMENTATION' setting. This is so for backward compatibility reasons, but it will change in a future version of Scrapy.

See the documentation of the 'REQUEST_FINGERPRINTER_IMPLEMENTATION' setting for information on how to handle this deprecation.
  return cls(crawler)

2023-08-02 23:24:01 [scrapy.utils.log] DEBUG: Using reactor: twisted.internet.selectreactor.SelectReactor
2023-08-02 23:24:01 [scrapy.extensions.telnet] INFO: Telnet Password: 17f188ea05d0f852
2023-08-02 23:24:02 [scrapy.middleware] INFO: Enabled extensions:
['scrapy.extensions.corestats.CoreStats',
 'scrapy.extensions.telnet.TelnetConsole',
 'scrapy.extensions.memusage.MemoryUsage',
 'scrapy.extensions.logstats.LogStats']
2023-08-02 23:24:02 [scrapy.middleware] INFO: Enabled downloader middlewares:
['scrapy.downloadermiddlewares.httpauth.HttpAuthMiddleware',
 'scrapy.downloadermiddlewares.downloadtimeout.DownloadTimeoutMiddleware',
 'scrapy.downloadermiddlewares.defaultheaders.DefaultHeadersMiddleware',
 'scrapy.downloadermiddlewares.useragent.UserAgentMiddleware',
 'scrapy.downloadermiddlewares.retry.RetryMiddleware',
 'scrapy.downloadermiddlewares.redirect.MetaRefreshMiddleware',
 'scrapy.downloadermiddlewares.httpcompression.HttpCompressionMiddleware',
 'scrapy.downloadermiddlewares.redirect.RedirectMiddleware',
 'scrapy.downloadermiddlewares.cookies.CookiesMiddleware',
 'scrapy.downloadermiddlewares.httpproxy.HttpProxyMiddleware',
 'scrapy.downloadermiddlewares.stats.DownloaderStats']
2023-08-02 23:24:02 [scrapy.middleware] INFO: Enabled spider middlewares:
['scrapy.spidermiddlewares.httperror.HttpErrorMiddleware',
 'scrapy.spidermiddlewares.offsite.OffsiteMiddleware',
 'scrapy.spidermiddlewares.referer.RefererMiddleware',
 'scrapy.spidermiddlewares.urllength.UrlLengthMiddleware',
 'scrapy.spidermiddlewares.depth.DepthMiddleware']
2023-08-02 23:24:02 [scrapy.middleware] INFO: Enabled item pipelines:
[]
2023-08-02 23:24:02 [scrapy.core.engine] INFO: Spider opened
2023-08-02 23:24:02 [scrapy.extensions.logstats] INFO: Crawled 0 pages (at 0 pages/min), scraped 0 items (at 0 items/min)
2023-08-02 23:24:02 [scrapy.extensions.telnet] INFO: Telnet console listening on 127.0.0.1:6023
2023-08-02 23:24:03 [scrapy.core.engine] DEBUG: Crawled (200) <GET https://www.thegreenscentennial.com/> (referer: None)
2023-08-02 23:24:03 [scrapy.core.engine] INFO: Closing spider (finished)
2023-08-02 23:24:03 [scrapy.statscollectors] INFO: Dumping Scrapy stats:
{'downloader/request_bytes': 227,
 'downloader/request_count': 1,
 'downloader/request_method_count/GET': 1,
 'downloader/response_bytes': 57834,
 'downloader/response_count': 1,
 'downloader/response_status_count/200': 1,
 'elapsed_time_seconds': 1.681348,
 'finish_reason': 'finished',
 'finish_time': datetime.datetime(2023, 8, 2, 15, 24, 3, 954560),
 'httpcompression/response_bytes': 369696,
 'httpcompression/response_count': 1,
 'log_count/DEBUG': 2,
 'log_count/INFO': 10,
 'log_count/WARNING': 1,
 'memusage/max': 71680000,
 'memusage/startup': 71680000,
 'response_received_count': 1,
 'scheduler/dequeued': 1,
 'scheduler/dequeued/memory': 1,
 'scheduler/enqueued': 1,
 'scheduler/enqueued/memory': 1,
 'start_time': datetime.datetime(2023, 8, 2, 15, 24, 2, 273212)}
2023-08-02 23:24:03 [scrapy.core.engine] INFO: Spider closed (finished)
Command-line arguments: ['runspider', 'crawl.py', '-o', '/Users/mingwandowski/Developer/greens_crawl/greens.jsonl']
2023-08-02 23:25:01 [scrapy.utils.log] INFO: Scrapy 2.9.0 started (bot: scrapybot)
2023-08-02 23:25:01 [scrapy.utils.log] INFO: Versions: lxml 4.9.2.0, libxml2 2.9.13, cssselect 1.2.0, parsel 1.8.1, w3lib 2.1.1, Twisted 22.10.0, Python 3.11.4 (main, Jun 20 2023, 17:23:00) [Clang 14.0.3 (clang-1403.0.22.14.1)], pyOpenSSL 23.1.1 (OpenSSL 3.1.0 14 Mar 2023), cryptography 40.0.2, Platform macOS-13.2.1-arm64-arm-64bit
2023-08-02 23:25:01 [scrapy.crawler] INFO: Overridden settings:
{}
2023-08-02 23:25:01 [py.warnings] WARNING: /opt/homebrew/lib/python3.11/site-packages/scrapy/utils/request.py:232: ScrapyDeprecationWarning: '2.6' is a deprecated value for the 'REQUEST_FINGERPRINTER_IMPLEMENTATION' setting.

It is also the default value. In other words, it is normal to get this warning if you have not defined a value for the 'REQUEST_FINGERPRINTER_IMPLEMENTATION' setting. This is so for backward compatibility reasons, but it will change in a future version of Scrapy.

See the documentation of the 'REQUEST_FINGERPRINTER_IMPLEMENTATION' setting for information on how to handle this deprecation.
  return cls(crawler)

2023-08-02 23:25:01 [scrapy.utils.log] DEBUG: Using reactor: twisted.internet.selectreactor.SelectReactor
2023-08-02 23:25:01 [scrapy.extensions.telnet] INFO: Telnet Password: 7c0b9486ca17dd5a
2023-08-02 23:25:01 [scrapy.middleware] INFO: Enabled extensions:
['scrapy.extensions.corestats.CoreStats',
 'scrapy.extensions.telnet.TelnetConsole',
 'scrapy.extensions.memusage.MemoryUsage',
 'scrapy.extensions.logstats.LogStats']
2023-08-02 23:25:02 [scrapy.middleware] INFO: Enabled downloader middlewares:
['scrapy.downloadermiddlewares.httpauth.HttpAuthMiddleware',
 'scrapy.downloadermiddlewares.downloadtimeout.DownloadTimeoutMiddleware',
 'scrapy.downloadermiddlewares.defaultheaders.DefaultHeadersMiddleware',
 'scrapy.downloadermiddlewares.useragent.UserAgentMiddleware',
 'scrapy.downloadermiddlewares.retry.RetryMiddleware',
 'scrapy.downloadermiddlewares.redirect.MetaRefreshMiddleware',
 'scrapy.downloadermiddlewares.httpcompression.HttpCompressionMiddleware',
 'scrapy.downloadermiddlewares.redirect.RedirectMiddleware',
 'scrapy.downloadermiddlewares.cookies.CookiesMiddleware',
 'scrapy.downloadermiddlewares.httpproxy.HttpProxyMiddleware',
 'scrapy.downloadermiddlewares.stats.DownloaderStats']
2023-08-02 23:25:02 [scrapy.middleware] INFO: Enabled spider middlewares:
['scrapy.spidermiddlewares.httperror.HttpErrorMiddleware',
 'scrapy.spidermiddlewares.offsite.OffsiteMiddleware',
 'scrapy.spidermiddlewares.referer.RefererMiddleware',
 'scrapy.spidermiddlewares.urllength.UrlLengthMiddleware',
 'scrapy.spidermiddlewares.depth.DepthMiddleware']
2023-08-02 23:25:02 [scrapy.middleware] INFO: Enabled item pipelines:
[]
2023-08-02 23:25:02 [scrapy.core.engine] INFO: Spider opened
2023-08-02 23:25:02 [scrapy.extensions.logstats] INFO: Crawled 0 pages (at 0 pages/min), scraped 0 items (at 0 items/min)
2023-08-02 23:25:02 [scrapy.extensions.telnet] INFO: Telnet console listening on 127.0.0.1:6023
2023-08-02 23:25:03 [scrapy.core.engine] DEBUG: Crawled (200) <GET https://www.thegreenscentennial.com/> (referer: None)
2023-08-02 23:25:04 [scrapy.core.engine] INFO: Closing spider (finished)
2023-08-02 23:25:04 [scrapy.statscollectors] INFO: Dumping Scrapy stats:
{'downloader/request_bytes': 227,
 'downloader/request_count': 1,
 'downloader/request_method_count/GET': 1,
 'downloader/response_bytes': 57834,
 'downloader/response_count': 1,
 'downloader/response_status_count/200': 1,
 'elapsed_time_seconds': 2.057709,
 'finish_reason': 'finished',
 'finish_time': datetime.datetime(2023, 8, 2, 15, 25, 4, 181986),
 'httpcompression/response_bytes': 369696,
 'httpcompression/response_count': 1,
 'log_count/DEBUG': 2,
 'log_count/INFO': 10,
 'log_count/WARNING': 1,
 'memusage/max': 71499776,
 'memusage/startup': 71483392,
 'response_received_count': 1,
 'scheduler/dequeued': 1,
 'scheduler/dequeued/memory': 1,
 'scheduler/enqueued': 1,
 'scheduler/enqueued/memory': 1,
 'start_time': datetime.datetime(2023, 8, 2, 15, 25, 2, 124277)}
2023-08-02 23:25:04 [scrapy.core.engine] INFO: Spider closed (finished)
Command-line arguments: ['runspider', 'crawl.py', '-o', '/Users/mingwandowski/Developer/greens_crawl/greens.jsonl']
2023-08-02 23:26:02 [scrapy.utils.log] INFO: Scrapy 2.9.0 started (bot: scrapybot)
2023-08-02 23:26:02 [scrapy.utils.log] INFO: Versions: lxml 4.9.2.0, libxml2 2.9.13, cssselect 1.2.0, parsel 1.8.1, w3lib 2.1.1, Twisted 22.10.0, Python 3.11.4 (main, Jun 20 2023, 17:23:00) [Clang 14.0.3 (clang-1403.0.22.14.1)], pyOpenSSL 23.1.1 (OpenSSL 3.1.0 14 Mar 2023), cryptography 40.0.2, Platform macOS-13.2.1-arm64-arm-64bit
2023-08-02 23:26:02 [scrapy.crawler] INFO: Overridden settings:
{}
2023-08-02 23:26:02 [py.warnings] WARNING: /opt/homebrew/lib/python3.11/site-packages/scrapy/utils/request.py:232: ScrapyDeprecationWarning: '2.6' is a deprecated value for the 'REQUEST_FINGERPRINTER_IMPLEMENTATION' setting.

It is also the default value. In other words, it is normal to get this warning if you have not defined a value for the 'REQUEST_FINGERPRINTER_IMPLEMENTATION' setting. This is so for backward compatibility reasons, but it will change in a future version of Scrapy.

See the documentation of the 'REQUEST_FINGERPRINTER_IMPLEMENTATION' setting for information on how to handle this deprecation.
  return cls(crawler)

2023-08-02 23:26:02 [scrapy.utils.log] DEBUG: Using reactor: twisted.internet.selectreactor.SelectReactor
2023-08-02 23:26:02 [scrapy.extensions.telnet] INFO: Telnet Password: 00d0a8a1d242d64f
2023-08-02 23:26:02 [scrapy.middleware] INFO: Enabled extensions:
['scrapy.extensions.corestats.CoreStats',
 'scrapy.extensions.telnet.TelnetConsole',
 'scrapy.extensions.memusage.MemoryUsage',
 'scrapy.extensions.logstats.LogStats']
2023-08-02 23:26:02 [scrapy.middleware] INFO: Enabled downloader middlewares:
['scrapy.downloadermiddlewares.httpauth.HttpAuthMiddleware',
 'scrapy.downloadermiddlewares.downloadtimeout.DownloadTimeoutMiddleware',
 'scrapy.downloadermiddlewares.defaultheaders.DefaultHeadersMiddleware',
 'scrapy.downloadermiddlewares.useragent.UserAgentMiddleware',
 'scrapy.downloadermiddlewares.retry.RetryMiddleware',
 'scrapy.downloadermiddlewares.redirect.MetaRefreshMiddleware',
 'scrapy.downloadermiddlewares.httpcompression.HttpCompressionMiddleware',
 'scrapy.downloadermiddlewares.redirect.RedirectMiddleware',
 'scrapy.downloadermiddlewares.cookies.CookiesMiddleware',
 'scrapy.downloadermiddlewares.httpproxy.HttpProxyMiddleware',
 'scrapy.downloadermiddlewares.stats.DownloaderStats']
2023-08-02 23:26:02 [scrapy.middleware] INFO: Enabled spider middlewares:
['scrapy.spidermiddlewares.httperror.HttpErrorMiddleware',
 'scrapy.spidermiddlewares.offsite.OffsiteMiddleware',
 'scrapy.spidermiddlewares.referer.RefererMiddleware',
 'scrapy.spidermiddlewares.urllength.UrlLengthMiddleware',
 'scrapy.spidermiddlewares.depth.DepthMiddleware']
2023-08-02 23:26:02 [scrapy.middleware] INFO: Enabled item pipelines:
[]
2023-08-02 23:26:02 [scrapy.core.engine] INFO: Spider opened
2023-08-02 23:26:02 [scrapy.extensions.logstats] INFO: Crawled 0 pages (at 0 pages/min), scraped 0 items (at 0 items/min)
2023-08-02 23:26:02 [scrapy.extensions.telnet] INFO: Telnet console listening on 127.0.0.1:6023
2023-08-02 23:26:06 [scrapy.core.engine] DEBUG: Crawled (200) <GET https://www.thegreenscentennial.com/> (referer: None)
2023-08-02 23:26:07 [scrapy.core.engine] INFO: Closing spider (finished)
2023-08-02 23:26:07 [scrapy.statscollectors] INFO: Dumping Scrapy stats:
{'downloader/request_bytes': 227,
 'downloader/request_count': 1,
 'downloader/request_method_count/GET': 1,
 'downloader/response_bytes': 57834,
 'downloader/response_count': 1,
 'downloader/response_status_count/200': 1,
 'elapsed_time_seconds': 4.756338,
 'finish_reason': 'finished',
 'finish_time': datetime.datetime(2023, 8, 2, 15, 26, 7, 174078),
 'httpcompression/response_bytes': 369696,
 'httpcompression/response_count': 1,
 'log_count/DEBUG': 2,
 'log_count/INFO': 10,
 'log_count/WARNING': 1,
 'memusage/max': 71565312,
 'memusage/startup': 71565312,
 'response_received_count': 1,
 'scheduler/dequeued': 1,
 'scheduler/dequeued/memory': 1,
 'scheduler/enqueued': 1,
 'scheduler/enqueued/memory': 1,
 'start_time': datetime.datetime(2023, 8, 2, 15, 26, 2, 417740)}
2023-08-02 23:26:07 [scrapy.core.engine] INFO: Spider closed (finished)
Command-line arguments: ['runspider', 'crawl.py', '-o', '/Users/mingwandowski/Developer/greens_crawl/greens.jsonl']
2023-08-02 23:28:57 [scrapy.utils.log] INFO: Scrapy 2.9.0 started (bot: scrapybot)
2023-08-02 23:28:57 [scrapy.utils.log] INFO: Versions: lxml 4.9.2.0, libxml2 2.9.13, cssselect 1.2.0, parsel 1.8.1, w3lib 2.1.1, Twisted 22.10.0, Python 3.11.4 (main, Jun 20 2023, 17:23:00) [Clang 14.0.3 (clang-1403.0.22.14.1)], pyOpenSSL 23.1.1 (OpenSSL 3.1.0 14 Mar 2023), cryptography 40.0.2, Platform macOS-13.2.1-arm64-arm-64bit
2023-08-02 23:28:57 [scrapy.crawler] INFO: Overridden settings:
{}
2023-08-02 23:28:57 [py.warnings] WARNING: /opt/homebrew/lib/python3.11/site-packages/scrapy/utils/request.py:232: ScrapyDeprecationWarning: '2.6' is a deprecated value for the 'REQUEST_FINGERPRINTER_IMPLEMENTATION' setting.

It is also the default value. In other words, it is normal to get this warning if you have not defined a value for the 'REQUEST_FINGERPRINTER_IMPLEMENTATION' setting. This is so for backward compatibility reasons, but it will change in a future version of Scrapy.

See the documentation of the 'REQUEST_FINGERPRINTER_IMPLEMENTATION' setting for information on how to handle this deprecation.
  return cls(crawler)

2023-08-02 23:28:57 [scrapy.utils.log] DEBUG: Using reactor: twisted.internet.selectreactor.SelectReactor
2023-08-02 23:28:57 [scrapy.extensions.telnet] INFO: Telnet Password: 4cab1ba763d81379
2023-08-02 23:28:57 [scrapy.middleware] INFO: Enabled extensions:
['scrapy.extensions.corestats.CoreStats',
 'scrapy.extensions.telnet.TelnetConsole',
 'scrapy.extensions.memusage.MemoryUsage',
 'scrapy.extensions.logstats.LogStats']
2023-08-02 23:28:57 [scrapy.middleware] INFO: Enabled downloader middlewares:
['scrapy.downloadermiddlewares.httpauth.HttpAuthMiddleware',
 'scrapy.downloadermiddlewares.downloadtimeout.DownloadTimeoutMiddleware',
 'scrapy.downloadermiddlewares.defaultheaders.DefaultHeadersMiddleware',
 'scrapy.downloadermiddlewares.useragent.UserAgentMiddleware',
 'scrapy.downloadermiddlewares.retry.RetryMiddleware',
 'scrapy.downloadermiddlewares.redirect.MetaRefreshMiddleware',
 'scrapy.downloadermiddlewares.httpcompression.HttpCompressionMiddleware',
 'scrapy.downloadermiddlewares.redirect.RedirectMiddleware',
 'scrapy.downloadermiddlewares.cookies.CookiesMiddleware',
 'scrapy.downloadermiddlewares.httpproxy.HttpProxyMiddleware',
 'scrapy.downloadermiddlewares.stats.DownloaderStats']
2023-08-02 23:28:57 [scrapy.middleware] INFO: Enabled spider middlewares:
['scrapy.spidermiddlewares.httperror.HttpErrorMiddleware',
 'scrapy.spidermiddlewares.offsite.OffsiteMiddleware',
 'scrapy.spidermiddlewares.referer.RefererMiddleware',
 'scrapy.spidermiddlewares.urllength.UrlLengthMiddleware',
 'scrapy.spidermiddlewares.depth.DepthMiddleware']
2023-08-02 23:28:57 [scrapy.middleware] INFO: Enabled item pipelines:
[]
2023-08-02 23:28:57 [scrapy.core.engine] INFO: Spider opened
2023-08-02 23:28:57 [scrapy.extensions.logstats] INFO: Crawled 0 pages (at 0 pages/min), scraped 0 items (at 0 items/min)
2023-08-02 23:28:57 [scrapy.extensions.telnet] INFO: Telnet console listening on 127.0.0.1:6023
2023-08-02 23:28:58 [scrapy.core.engine] DEBUG: Crawled (200) <GET https://www.thegreenscentennial.com/> (referer: None)
2023-08-02 23:28:59 [scrapy.core.engine] INFO: Closing spider (finished)
2023-08-02 23:28:59 [scrapy.statscollectors] INFO: Dumping Scrapy stats:
{'downloader/request_bytes': 227,
 'downloader/request_count': 1,
 'downloader/request_method_count/GET': 1,
 'downloader/response_bytes': 57834,
 'downloader/response_count': 1,
 'downloader/response_status_count/200': 1,
 'elapsed_time_seconds': 1.568739,
 'finish_reason': 'finished',
 'finish_time': datetime.datetime(2023, 8, 2, 15, 28, 59, 80008),
 'httpcompression/response_bytes': 369696,
 'httpcompression/response_count': 1,
 'log_count/DEBUG': 2,
 'log_count/INFO': 10,
 'log_count/WARNING': 1,
 'memusage/max': 71467008,
 'memusage/startup': 71467008,
 'response_received_count': 1,
 'scheduler/dequeued': 1,
 'scheduler/dequeued/memory': 1,
 'scheduler/enqueued': 1,
 'scheduler/enqueued/memory': 1,
 'start_time': datetime.datetime(2023, 8, 2, 15, 28, 57, 511269)}
2023-08-02 23:28:59 [scrapy.core.engine] INFO: Spider closed (finished)
Command-line arguments: ['runspider', 'crawl.py', '-o', '/Users/mingwandowski/Developer/greens_crawl/greens.jsonl']
2023-08-02 23:30:20 [scrapy.utils.log] INFO: Scrapy 2.9.0 started (bot: scrapybot)
2023-08-02 23:30:20 [scrapy.utils.log] INFO: Versions: lxml 4.9.2.0, libxml2 2.9.13, cssselect 1.2.0, parsel 1.8.1, w3lib 2.1.1, Twisted 22.10.0, Python 3.11.4 (main, Jun 20 2023, 17:23:00) [Clang 14.0.3 (clang-1403.0.22.14.1)], pyOpenSSL 23.1.1 (OpenSSL 3.1.0 14 Mar 2023), cryptography 40.0.2, Platform macOS-13.2.1-arm64-arm-64bit
2023-08-02 23:30:20 [scrapy.crawler] INFO: Overridden settings:
{}
2023-08-02 23:30:20 [py.warnings] WARNING: /opt/homebrew/lib/python3.11/site-packages/scrapy/utils/request.py:232: ScrapyDeprecationWarning: '2.6' is a deprecated value for the 'REQUEST_FINGERPRINTER_IMPLEMENTATION' setting.

It is also the default value. In other words, it is normal to get this warning if you have not defined a value for the 'REQUEST_FINGERPRINTER_IMPLEMENTATION' setting. This is so for backward compatibility reasons, but it will change in a future version of Scrapy.

See the documentation of the 'REQUEST_FINGERPRINTER_IMPLEMENTATION' setting for information on how to handle this deprecation.
  return cls(crawler)

2023-08-02 23:30:20 [scrapy.utils.log] DEBUG: Using reactor: twisted.internet.selectreactor.SelectReactor
2023-08-02 23:30:20 [scrapy.extensions.telnet] INFO: Telnet Password: d25dd838de2aa723
2023-08-02 23:30:20 [scrapy.middleware] INFO: Enabled extensions:
['scrapy.extensions.corestats.CoreStats',
 'scrapy.extensions.telnet.TelnetConsole',
 'scrapy.extensions.memusage.MemoryUsage',
 'scrapy.extensions.logstats.LogStats']
2023-08-02 23:30:20 [scrapy.middleware] INFO: Enabled downloader middlewares:
['scrapy.downloadermiddlewares.httpauth.HttpAuthMiddleware',
 'scrapy.downloadermiddlewares.downloadtimeout.DownloadTimeoutMiddleware',
 'scrapy.downloadermiddlewares.defaultheaders.DefaultHeadersMiddleware',
 'scrapy.downloadermiddlewares.useragent.UserAgentMiddleware',
 'scrapy.downloadermiddlewares.retry.RetryMiddleware',
 'scrapy.downloadermiddlewares.redirect.MetaRefreshMiddleware',
 'scrapy.downloadermiddlewares.httpcompression.HttpCompressionMiddleware',
 'scrapy.downloadermiddlewares.redirect.RedirectMiddleware',
 'scrapy.downloadermiddlewares.cookies.CookiesMiddleware',
 'scrapy.downloadermiddlewares.httpproxy.HttpProxyMiddleware',
 'scrapy.downloadermiddlewares.stats.DownloaderStats']
2023-08-02 23:30:20 [scrapy.middleware] INFO: Enabled spider middlewares:
['scrapy.spidermiddlewares.httperror.HttpErrorMiddleware',
 'scrapy.spidermiddlewares.offsite.OffsiteMiddleware',
 'scrapy.spidermiddlewares.referer.RefererMiddleware',
 'scrapy.spidermiddlewares.urllength.UrlLengthMiddleware',
 'scrapy.spidermiddlewares.depth.DepthMiddleware']
2023-08-02 23:30:20 [scrapy.middleware] INFO: Enabled item pipelines:
[]
2023-08-02 23:30:20 [scrapy.core.engine] INFO: Spider opened
2023-08-02 23:30:20 [scrapy.extensions.logstats] INFO: Crawled 0 pages (at 0 pages/min), scraped 0 items (at 0 items/min)
2023-08-02 23:30:20 [scrapy.extensions.telnet] INFO: Telnet console listening on 127.0.0.1:6023
2023-08-02 23:30:22 [scrapy.core.engine] DEBUG: Crawled (200) <GET https://www.thegreenscentennial.com/> (referer: None)
2023-08-02 23:30:22 [scrapy.core.engine] INFO: Closing spider (finished)
2023-08-02 23:30:22 [scrapy.statscollectors] INFO: Dumping Scrapy stats:
{'downloader/request_bytes': 227,
 'downloader/request_count': 1,
 'downloader/request_method_count/GET': 1,
 'downloader/response_bytes': 57834,
 'downloader/response_count': 1,
 'downloader/response_status_count/200': 1,
 'elapsed_time_seconds': 1.474644,
 'finish_reason': 'finished',
 'finish_time': datetime.datetime(2023, 8, 2, 15, 30, 22, 429478),
 'httpcompression/response_bytes': 369696,
 'httpcompression/response_count': 1,
 'log_count/DEBUG': 2,
 'log_count/INFO': 10,
 'log_count/WARNING': 1,
 'memusage/max': 71188480,
 'memusage/startup': 71188480,
 'response_received_count': 1,
 'scheduler/dequeued': 1,
 'scheduler/dequeued/memory': 1,
 'scheduler/enqueued': 1,
 'scheduler/enqueued/memory': 1,
 'start_time': datetime.datetime(2023, 8, 2, 15, 30, 20, 954834)}
2023-08-02 23:30:22 [scrapy.core.engine] INFO: Spider closed (finished)
Command-line arguments: ['runspider', 'crawl.py', '-o', '/Users/mingwandowski/Developer/greens_crawl/greens.jsonl']
2023-08-11 00:00:03 [scrapy.utils.log] INFO: Scrapy 2.9.0 started (bot: scrapybot)
2023-08-11 00:00:03 [scrapy.utils.log] INFO: Versions: lxml 4.9.2.0, libxml2 2.9.13, cssselect 1.2.0, parsel 1.8.1, w3lib 2.1.1, Twisted 22.10.0, Python 3.11.4 (main, Jun 20 2023, 17:23:00) [Clang 14.0.3 (clang-1403.0.22.14.1)], pyOpenSSL 23.1.1 (OpenSSL 3.1.0 14 Mar 2023), cryptography 40.0.2, Platform macOS-13.2.1-arm64-arm-64bit
2023-08-11 00:00:03 [scrapy.crawler] INFO: Overridden settings:
{}
2023-08-11 00:00:03 [py.warnings] WARNING: /opt/homebrew/lib/python3.11/site-packages/scrapy/utils/request.py:232: ScrapyDeprecationWarning: '2.6' is a deprecated value for the 'REQUEST_FINGERPRINTER_IMPLEMENTATION' setting.

It is also the default value. In other words, it is normal to get this warning if you have not defined a value for the 'REQUEST_FINGERPRINTER_IMPLEMENTATION' setting. This is so for backward compatibility reasons, but it will change in a future version of Scrapy.

See the documentation of the 'REQUEST_FINGERPRINTER_IMPLEMENTATION' setting for information on how to handle this deprecation.
  return cls(crawler)

2023-08-11 00:00:03 [scrapy.utils.log] DEBUG: Using reactor: twisted.internet.selectreactor.SelectReactor
2023-08-11 00:00:03 [scrapy.extensions.telnet] INFO: Telnet Password: 056db08a4fcfb52d
2023-08-11 00:00:03 [scrapy.middleware] INFO: Enabled extensions:
['scrapy.extensions.corestats.CoreStats',
 'scrapy.extensions.telnet.TelnetConsole',
 'scrapy.extensions.memusage.MemoryUsage',
 'scrapy.extensions.logstats.LogStats']
2023-08-11 00:00:03 [scrapy.middleware] INFO: Enabled downloader middlewares:
['scrapy.downloadermiddlewares.httpauth.HttpAuthMiddleware',
 'scrapy.downloadermiddlewares.downloadtimeout.DownloadTimeoutMiddleware',
 'scrapy.downloadermiddlewares.defaultheaders.DefaultHeadersMiddleware',
 'scrapy.downloadermiddlewares.useragent.UserAgentMiddleware',
 'scrapy.downloadermiddlewares.retry.RetryMiddleware',
 'scrapy.downloadermiddlewares.redirect.MetaRefreshMiddleware',
 'scrapy.downloadermiddlewares.httpcompression.HttpCompressionMiddleware',
 'scrapy.downloadermiddlewares.redirect.RedirectMiddleware',
 'scrapy.downloadermiddlewares.cookies.CookiesMiddleware',
 'scrapy.downloadermiddlewares.httpproxy.HttpProxyMiddleware',
 'scrapy.downloadermiddlewares.stats.DownloaderStats']
2023-08-11 00:00:03 [scrapy.middleware] INFO: Enabled spider middlewares:
['scrapy.spidermiddlewares.httperror.HttpErrorMiddleware',
 'scrapy.spidermiddlewares.offsite.OffsiteMiddleware',
 'scrapy.spidermiddlewares.referer.RefererMiddleware',
 'scrapy.spidermiddlewares.urllength.UrlLengthMiddleware',
 'scrapy.spidermiddlewares.depth.DepthMiddleware']
2023-08-11 00:00:03 [scrapy.middleware] INFO: Enabled item pipelines:
[]
2023-08-11 00:00:03 [scrapy.core.engine] INFO: Spider opened
2023-08-11 00:00:03 [scrapy.extensions.logstats] INFO: Crawled 0 pages (at 0 pages/min), scraped 0 items (at 0 items/min)
2023-08-11 00:00:03 [scrapy.extensions.telnet] INFO: Telnet console listening on 127.0.0.1:6023
2023-08-11 00:00:06 [scrapy.core.engine] DEBUG: Crawled (200) <GET https://www.thegreenscentennial.com/> (referer: None)
2023-08-11 00:00:07 [scrapy.core.engine] INFO: Closing spider (finished)
2023-08-11 00:00:07 [scrapy.statscollectors] INFO: Dumping Scrapy stats:
{'downloader/request_bytes': 227,
 'downloader/request_count': 1,
 'downloader/request_method_count/GET': 1,
 'downloader/response_bytes': 58526,
 'downloader/response_count': 1,
 'downloader/response_status_count/200': 1,
 'elapsed_time_seconds': 3.240605,
 'finish_reason': 'finished',
 'finish_time': datetime.datetime(2023, 8, 10, 16, 0, 7, 172208),
 'httpcompression/response_bytes': 371369,
 'httpcompression/response_count': 1,
 'log_count/DEBUG': 2,
 'log_count/INFO': 10,
 'log_count/WARNING': 1,
 'memusage/max': 70516736,
 'memusage/startup': 70516736,
 'response_received_count': 1,
 'scheduler/dequeued': 1,
 'scheduler/dequeued/memory': 1,
 'scheduler/enqueued': 1,
 'scheduler/enqueued/memory': 1,
 'start_time': datetime.datetime(2023, 8, 10, 16, 0, 3, 931603)}
2023-08-11 00:00:07 [scrapy.core.engine] INFO: Spider closed (finished)
Command-line arguments: ['runspider', 'crawl.py', '-o', '/Users/mingwandowski/Developer/greens_crawl/greens.jsonl']
2023-08-18 00:03:02 [scrapy.utils.log] INFO: Scrapy 2.9.0 started (bot: scrapybot)
2023-08-18 00:03:02 [scrapy.utils.log] INFO: Versions: lxml 4.9.2.0, libxml2 2.9.13, cssselect 1.2.0, parsel 1.8.1, w3lib 2.1.1, Twisted 22.10.0, Python 3.11.4 (main, Jun 20 2023, 17:23:00) [Clang 14.0.3 (clang-1403.0.22.14.1)], pyOpenSSL 23.1.1 (OpenSSL 3.1.0 14 Mar 2023), cryptography 40.0.2, Platform macOS-13.2.1-arm64-arm-64bit
2023-08-18 00:03:02 [scrapy.crawler] INFO: Overridden settings:
{}
2023-08-18 00:03:02 [py.warnings] WARNING: /opt/homebrew/lib/python3.11/site-packages/scrapy/utils/request.py:232: ScrapyDeprecationWarning: '2.6' is a deprecated value for the 'REQUEST_FINGERPRINTER_IMPLEMENTATION' setting.

It is also the default value. In other words, it is normal to get this warning if you have not defined a value for the 'REQUEST_FINGERPRINTER_IMPLEMENTATION' setting. This is so for backward compatibility reasons, but it will change in a future version of Scrapy.

See the documentation of the 'REQUEST_FINGERPRINTER_IMPLEMENTATION' setting for information on how to handle this deprecation.
  return cls(crawler)

2023-08-18 00:03:02 [scrapy.utils.log] DEBUG: Using reactor: twisted.internet.selectreactor.SelectReactor
2023-08-18 00:03:02 [scrapy.extensions.telnet] INFO: Telnet Password: a6c9ebafa2a373ec
2023-08-18 00:03:03 [scrapy.middleware] INFO: Enabled extensions:
['scrapy.extensions.corestats.CoreStats',
 'scrapy.extensions.telnet.TelnetConsole',
 'scrapy.extensions.memusage.MemoryUsage',
 'scrapy.extensions.logstats.LogStats']
2023-08-18 00:08:05 [scrapy.middleware] INFO: Enabled downloader middlewares:
['scrapy.downloadermiddlewares.httpauth.HttpAuthMiddleware',
 'scrapy.downloadermiddlewares.downloadtimeout.DownloadTimeoutMiddleware',
 'scrapy.downloadermiddlewares.defaultheaders.DefaultHeadersMiddleware',
 'scrapy.downloadermiddlewares.useragent.UserAgentMiddleware',
 'scrapy.downloadermiddlewares.retry.RetryMiddleware',
 'scrapy.downloadermiddlewares.redirect.MetaRefreshMiddleware',
 'scrapy.downloadermiddlewares.httpcompression.HttpCompressionMiddleware',
 'scrapy.downloadermiddlewares.redirect.RedirectMiddleware',
 'scrapy.downloadermiddlewares.cookies.CookiesMiddleware',
 'scrapy.downloadermiddlewares.httpproxy.HttpProxyMiddleware',
 'scrapy.downloadermiddlewares.stats.DownloaderStats']
2023-08-18 00:08:05 [scrapy.middleware] INFO: Enabled spider middlewares:
['scrapy.spidermiddlewares.httperror.HttpErrorMiddleware',
 'scrapy.spidermiddlewares.offsite.OffsiteMiddleware',
 'scrapy.spidermiddlewares.referer.RefererMiddleware',
 'scrapy.spidermiddlewares.urllength.UrlLengthMiddleware',
 'scrapy.spidermiddlewares.depth.DepthMiddleware']
2023-08-18 00:08:05 [scrapy.middleware] INFO: Enabled item pipelines:
[]
2023-08-18 00:08:05 [scrapy.core.engine] INFO: Spider opened
2023-08-18 00:08:06 [scrapy.extensions.logstats] INFO: Crawled 0 pages (at 0 pages/min), scraped 0 items (at 0 items/min)
2023-08-18 00:08:06 [scrapy.extensions.telnet] INFO: Telnet console listening on 127.0.0.1:6023
2023-08-18 00:08:12 [scrapy.core.engine] DEBUG: Crawled (200) <GET https://www.thegreenscentennial.com/> (referer: None)
2023-08-18 00:08:12 [scrapy.core.engine] INFO: Closing spider (finished)
2023-08-18 00:08:12 [scrapy.statscollectors] INFO: Dumping Scrapy stats:
{'downloader/request_bytes': 227,
 'downloader/request_count': 1,
 'downloader/request_method_count/GET': 1,
 'downloader/response_bytes': 58508,
 'downloader/response_count': 1,
 'downloader/response_status_count/200': 1,
 'elapsed_time_seconds': 6.33396,
 'finish_reason': 'finished',
 'finish_time': datetime.datetime(2023, 8, 17, 16, 8, 12, 368081),
 'httpcompression/response_bytes': 371404,
 'httpcompression/response_count': 1,
 'log_count/DEBUG': 2,
 'log_count/INFO': 10,
 'log_count/WARNING': 1,
 'memusage/max': 71663616,
 'memusage/startup': 71663616,
 'response_received_count': 1,
 'scheduler/dequeued': 1,
 'scheduler/dequeued/memory': 1,
 'scheduler/enqueued': 1,
 'scheduler/enqueued/memory': 1,
 'start_time': datetime.datetime(2023, 8, 17, 16, 8, 6, 34121)}
2023-08-18 00:08:12 [scrapy.core.engine] INFO: Spider closed (finished)
Command-line arguments: ['runspider', 'crawl.py', '-o', '/Users/mingwandowski/Developer/greens_crawl/greens.jsonl']
2023-08-20 00:00:57 [scrapy.utils.log] INFO: Scrapy 2.9.0 started (bot: scrapybot)
2023-08-20 00:00:58 [scrapy.utils.log] INFO: Versions: lxml 4.9.2.0, libxml2 2.9.13, cssselect 1.2.0, parsel 1.8.1, w3lib 2.1.1, Twisted 22.10.0, Python 3.11.4 (main, Jun 20 2023, 17:23:00) [Clang 14.0.3 (clang-1403.0.22.14.1)], pyOpenSSL 23.1.1 (OpenSSL 3.1.0 14 Mar 2023), cryptography 40.0.2, Platform macOS-13.2.1-arm64-arm-64bit
2023-08-20 00:00:58 [scrapy.crawler] INFO: Overridden settings:
{}
2023-08-20 00:00:58 [py.warnings] WARNING: /opt/homebrew/lib/python3.11/site-packages/scrapy/utils/request.py:232: ScrapyDeprecationWarning: '2.6' is a deprecated value for the 'REQUEST_FINGERPRINTER_IMPLEMENTATION' setting.

It is also the default value. In other words, it is normal to get this warning if you have not defined a value for the 'REQUEST_FINGERPRINTER_IMPLEMENTATION' setting. This is so for backward compatibility reasons, but it will change in a future version of Scrapy.

See the documentation of the 'REQUEST_FINGERPRINTER_IMPLEMENTATION' setting for information on how to handle this deprecation.
  return cls(crawler)

2023-08-20 00:00:58 [scrapy.utils.log] DEBUG: Using reactor: twisted.internet.selectreactor.SelectReactor
2023-08-20 00:00:58 [scrapy.extensions.telnet] INFO: Telnet Password: abfc59091bf72141
2023-08-20 00:00:58 [scrapy.middleware] INFO: Enabled extensions:
['scrapy.extensions.corestats.CoreStats',
 'scrapy.extensions.telnet.TelnetConsole',
 'scrapy.extensions.memusage.MemoryUsage',
 'scrapy.extensions.logstats.LogStats']
2023-08-20 00:00:58 [scrapy.middleware] INFO: Enabled downloader middlewares:
['scrapy.downloadermiddlewares.httpauth.HttpAuthMiddleware',
 'scrapy.downloadermiddlewares.downloadtimeout.DownloadTimeoutMiddleware',
 'scrapy.downloadermiddlewares.defaultheaders.DefaultHeadersMiddleware',
 'scrapy.downloadermiddlewares.useragent.UserAgentMiddleware',
 'scrapy.downloadermiddlewares.retry.RetryMiddleware',
 'scrapy.downloadermiddlewares.redirect.MetaRefreshMiddleware',
 'scrapy.downloadermiddlewares.httpcompression.HttpCompressionMiddleware',
 'scrapy.downloadermiddlewares.redirect.RedirectMiddleware',
 'scrapy.downloadermiddlewares.cookies.CookiesMiddleware',
 'scrapy.downloadermiddlewares.httpproxy.HttpProxyMiddleware',
 'scrapy.downloadermiddlewares.stats.DownloaderStats']
2023-08-20 00:00:58 [scrapy.middleware] INFO: Enabled spider middlewares:
['scrapy.spidermiddlewares.httperror.HttpErrorMiddleware',
 'scrapy.spidermiddlewares.offsite.OffsiteMiddleware',
 'scrapy.spidermiddlewares.referer.RefererMiddleware',
 'scrapy.spidermiddlewares.urllength.UrlLengthMiddleware',
 'scrapy.spidermiddlewares.depth.DepthMiddleware']
2023-08-20 00:00:58 [scrapy.middleware] INFO: Enabled item pipelines:
[]
2023-08-20 00:00:58 [scrapy.core.engine] INFO: Spider opened
2023-08-20 00:00:58 [scrapy.extensions.logstats] INFO: Crawled 0 pages (at 0 pages/min), scraped 0 items (at 0 items/min)
2023-08-20 00:00:58 [scrapy.extensions.telnet] INFO: Telnet console listening on 127.0.0.1:6023
2023-08-20 00:00:59 [scrapy.core.engine] DEBUG: Crawled (200) <GET https://www.thegreenscentennial.com/> (referer: None)
2023-08-20 00:00:59 [scrapy.core.engine] INFO: Closing spider (finished)
2023-08-20 00:00:59 [scrapy.statscollectors] INFO: Dumping Scrapy stats:
{'downloader/request_bytes': 227,
 'downloader/request_count': 1,
 'downloader/request_method_count/GET': 1,
 'downloader/response_bytes': 58514,
 'downloader/response_count': 1,
 'downloader/response_status_count/200': 1,
 'elapsed_time_seconds': 1.140397,
 'finish_reason': 'finished',
 'finish_time': datetime.datetime(2023, 8, 19, 22, 0, 59, 600224),
 'httpcompression/response_bytes': 371439,
 'httpcompression/response_count': 1,
 'log_count/DEBUG': 2,
 'log_count/INFO': 10,
 'log_count/WARNING': 1,
 'memusage/max': 71237632,
 'memusage/startup': 71237632,
 'response_received_count': 1,
 'scheduler/dequeued': 1,
 'scheduler/dequeued/memory': 1,
 'scheduler/enqueued': 1,
 'scheduler/enqueued/memory': 1,
 'start_time': datetime.datetime(2023, 8, 19, 22, 0, 58, 459827)}
2023-08-20 00:00:59 [scrapy.core.engine] INFO: Spider closed (finished)
Command-line arguments: ['runspider', 'crawl.py', '-o', '/Users/mingwandowski/Developer/greens_crawl/greens.jsonl']
2023-08-22 00:00:01 [scrapy.utils.log] INFO: Scrapy 2.9.0 started (bot: scrapybot)
2023-08-22 00:00:01 [scrapy.utils.log] INFO: Versions: lxml 4.9.2.0, libxml2 2.9.13, cssselect 1.2.0, parsel 1.8.1, w3lib 2.1.1, Twisted 22.10.0, Python 3.11.4 (main, Jun 20 2023, 17:23:00) [Clang 14.0.3 (clang-1403.0.22.14.1)], pyOpenSSL 23.1.1 (OpenSSL 3.1.0 14 Mar 2023), cryptography 40.0.2, Platform macOS-13.2.1-arm64-arm-64bit
2023-08-22 00:00:01 [scrapy.crawler] INFO: Overridden settings:
{}
2023-08-22 00:00:01 [py.warnings] WARNING: /opt/homebrew/lib/python3.11/site-packages/scrapy/utils/request.py:232: ScrapyDeprecationWarning: '2.6' is a deprecated value for the 'REQUEST_FINGERPRINTER_IMPLEMENTATION' setting.

It is also the default value. In other words, it is normal to get this warning if you have not defined a value for the 'REQUEST_FINGERPRINTER_IMPLEMENTATION' setting. This is so for backward compatibility reasons, but it will change in a future version of Scrapy.

See the documentation of the 'REQUEST_FINGERPRINTER_IMPLEMENTATION' setting for information on how to handle this deprecation.
  return cls(crawler)

2023-08-22 00:00:01 [scrapy.utils.log] DEBUG: Using reactor: twisted.internet.selectreactor.SelectReactor
2023-08-22 00:00:01 [scrapy.extensions.telnet] INFO: Telnet Password: 54f9aae2a2d5ed1f
2023-08-22 00:00:01 [scrapy.middleware] INFO: Enabled extensions:
['scrapy.extensions.corestats.CoreStats',
 'scrapy.extensions.telnet.TelnetConsole',
 'scrapy.extensions.memusage.MemoryUsage',
 'scrapy.extensions.logstats.LogStats']
2023-08-22 00:00:01 [scrapy.middleware] INFO: Enabled downloader middlewares:
['scrapy.downloadermiddlewares.httpauth.HttpAuthMiddleware',
 'scrapy.downloadermiddlewares.downloadtimeout.DownloadTimeoutMiddleware',
 'scrapy.downloadermiddlewares.defaultheaders.DefaultHeadersMiddleware',
 'scrapy.downloadermiddlewares.useragent.UserAgentMiddleware',
 'scrapy.downloadermiddlewares.retry.RetryMiddleware',
 'scrapy.downloadermiddlewares.redirect.MetaRefreshMiddleware',
 'scrapy.downloadermiddlewares.httpcompression.HttpCompressionMiddleware',
 'scrapy.downloadermiddlewares.redirect.RedirectMiddleware',
 'scrapy.downloadermiddlewares.cookies.CookiesMiddleware',
 'scrapy.downloadermiddlewares.httpproxy.HttpProxyMiddleware',
 'scrapy.downloadermiddlewares.stats.DownloaderStats']
2023-08-22 00:00:02 [scrapy.middleware] INFO: Enabled spider middlewares:
['scrapy.spidermiddlewares.httperror.HttpErrorMiddleware',
 'scrapy.spidermiddlewares.offsite.OffsiteMiddleware',
 'scrapy.spidermiddlewares.referer.RefererMiddleware',
 'scrapy.spidermiddlewares.urllength.UrlLengthMiddleware',
 'scrapy.spidermiddlewares.depth.DepthMiddleware']
2023-08-22 00:00:02 [scrapy.middleware] INFO: Enabled item pipelines:
[]
2023-08-22 00:00:02 [scrapy.core.engine] INFO: Spider opened
2023-08-22 00:00:02 [scrapy.extensions.logstats] INFO: Crawled 0 pages (at 0 pages/min), scraped 0 items (at 0 items/min)
2023-08-22 00:00:02 [scrapy.extensions.telnet] INFO: Telnet console listening on 127.0.0.1:6023
2023-08-22 00:00:02 [scrapy.core.engine] DEBUG: Crawled (200) <GET https://www.thegreenscentennial.com/> (referer: None)
2023-08-22 00:00:03 [scrapy.core.engine] INFO: Closing spider (finished)
2023-08-22 00:00:03 [scrapy.statscollectors] INFO: Dumping Scrapy stats:
{'downloader/request_bytes': 227,
 'downloader/request_count': 1,
 'downloader/request_method_count/GET': 1,
 'downloader/response_bytes': 58526,
 'downloader/response_count': 1,
 'downloader/response_status_count/200': 1,
 'elapsed_time_seconds': 1.093616,
 'finish_reason': 'finished',
 'finish_time': datetime.datetime(2023, 8, 21, 22, 0, 3, 185743),
 'httpcompression/response_bytes': 371442,
 'httpcompression/response_count': 1,
 'log_count/DEBUG': 2,
 'log_count/INFO': 10,
 'log_count/WARNING': 1,
 'memusage/max': 71647232,
 'memusage/startup': 71647232,
 'response_received_count': 1,
 'scheduler/dequeued': 1,
 'scheduler/dequeued/memory': 1,
 'scheduler/enqueued': 1,
 'scheduler/enqueued/memory': 1,
 'start_time': datetime.datetime(2023, 8, 21, 22, 0, 2, 92127)}
2023-08-22 00:00:03 [scrapy.core.engine] INFO: Spider closed (finished)
Command-line arguments: ['runspider', 'crawl.py', '-o', '/Users/mingwandowski/Developer/greens_crawl/greens.jsonl']
2023-08-31 00:00:02 [scrapy.utils.log] INFO: Scrapy 2.9.0 started (bot: scrapybot)
2023-08-31 00:00:02 [scrapy.utils.log] INFO: Versions: lxml 4.9.2.0, libxml2 2.9.13, cssselect 1.2.0, parsel 1.8.1, w3lib 2.1.1, Twisted 22.10.0, Python 3.11.4 (main, Jun 20 2023, 17:23:00) [Clang 14.0.3 (clang-1403.0.22.14.1)], pyOpenSSL 23.1.1 (OpenSSL 3.1.0 14 Mar 2023), cryptography 40.0.2, Platform macOS-13.2.1-arm64-arm-64bit
2023-08-31 00:00:02 [scrapy.crawler] INFO: Overridden settings:
{}
2023-08-31 00:00:02 [py.warnings] WARNING: /opt/homebrew/lib/python3.11/site-packages/scrapy/utils/request.py:232: ScrapyDeprecationWarning: '2.6' is a deprecated value for the 'REQUEST_FINGERPRINTER_IMPLEMENTATION' setting.

It is also the default value. In other words, it is normal to get this warning if you have not defined a value for the 'REQUEST_FINGERPRINTER_IMPLEMENTATION' setting. This is so for backward compatibility reasons, but it will change in a future version of Scrapy.

See the documentation of the 'REQUEST_FINGERPRINTER_IMPLEMENTATION' setting for information on how to handle this deprecation.
  return cls(crawler)

2023-08-31 00:00:02 [scrapy.utils.log] DEBUG: Using reactor: twisted.internet.selectreactor.SelectReactor
2023-08-31 00:00:02 [scrapy.extensions.telnet] INFO: Telnet Password: ded1c8697fa3a7de
2023-08-31 00:00:02 [scrapy.middleware] INFO: Enabled extensions:
['scrapy.extensions.corestats.CoreStats',
 'scrapy.extensions.telnet.TelnetConsole',
 'scrapy.extensions.memusage.MemoryUsage',
 'scrapy.extensions.logstats.LogStats']
2023-08-31 00:00:02 [scrapy.middleware] INFO: Enabled downloader middlewares:
['scrapy.downloadermiddlewares.httpauth.HttpAuthMiddleware',
 'scrapy.downloadermiddlewares.downloadtimeout.DownloadTimeoutMiddleware',
 'scrapy.downloadermiddlewares.defaultheaders.DefaultHeadersMiddleware',
 'scrapy.downloadermiddlewares.useragent.UserAgentMiddleware',
 'scrapy.downloadermiddlewares.retry.RetryMiddleware',
 'scrapy.downloadermiddlewares.redirect.MetaRefreshMiddleware',
 'scrapy.downloadermiddlewares.httpcompression.HttpCompressionMiddleware',
 'scrapy.downloadermiddlewares.redirect.RedirectMiddleware',
 'scrapy.downloadermiddlewares.cookies.CookiesMiddleware',
 'scrapy.downloadermiddlewares.httpproxy.HttpProxyMiddleware',
 'scrapy.downloadermiddlewares.stats.DownloaderStats']
2023-08-31 00:00:02 [scrapy.middleware] INFO: Enabled spider middlewares:
['scrapy.spidermiddlewares.httperror.HttpErrorMiddleware',
 'scrapy.spidermiddlewares.offsite.OffsiteMiddleware',
 'scrapy.spidermiddlewares.referer.RefererMiddleware',
 'scrapy.spidermiddlewares.urllength.UrlLengthMiddleware',
 'scrapy.spidermiddlewares.depth.DepthMiddleware']
2023-08-31 00:00:02 [scrapy.middleware] INFO: Enabled item pipelines:
[]
2023-08-31 00:00:02 [scrapy.core.engine] INFO: Spider opened
2023-08-31 00:00:02 [scrapy.extensions.logstats] INFO: Crawled 0 pages (at 0 pages/min), scraped 0 items (at 0 items/min)
2023-08-31 00:00:02 [scrapy.extensions.telnet] INFO: Telnet console listening on 127.0.0.1:6023
2023-08-31 00:00:05 [scrapy.core.engine] DEBUG: Crawled (200) <GET https://www.thegreenscentennial.com/> (referer: None)
2023-08-31 00:00:06 [scrapy.core.engine] INFO: Closing spider (finished)
2023-08-31 00:00:06 [scrapy.statscollectors] INFO: Dumping Scrapy stats:
{'downloader/request_bytes': 227,
 'downloader/request_count': 1,
 'downloader/request_method_count/GET': 1,
 'downloader/response_bytes': 58512,
 'downloader/response_count': 1,
 'downloader/response_status_count/200': 1,
 'elapsed_time_seconds': 3.623763,
 'finish_reason': 'finished',
 'finish_time': datetime.datetime(2023, 8, 30, 22, 0, 6, 101710),
 'httpcompression/response_bytes': 371471,
 'httpcompression/response_count': 1,
 'log_count/DEBUG': 2,
 'log_count/INFO': 10,
 'log_count/WARNING': 1,
 'memusage/max': 71843840,
 'memusage/startup': 71843840,
 'response_received_count': 1,
 'scheduler/dequeued': 1,
 'scheduler/dequeued/memory': 1,
 'scheduler/enqueued': 1,
 'scheduler/enqueued/memory': 1,
 'start_time': datetime.datetime(2023, 8, 30, 22, 0, 2, 477947)}
2023-08-31 00:00:06 [scrapy.core.engine] INFO: Spider closed (finished)
Command-line arguments: ['runspider', 'crawl.py', '-o', '/Users/mingwandowski/Developer/greens_crawl/greens.jsonl']
2023-09-03 00:00:02 [scrapy.utils.log] INFO: Scrapy 2.9.0 started (bot: scrapybot)
2023-09-03 00:00:02 [scrapy.utils.log] INFO: Versions: lxml 4.9.2.0, libxml2 2.9.13, cssselect 1.2.0, parsel 1.8.1, w3lib 2.1.1, Twisted 22.10.0, Python 3.11.4 (main, Jun 20 2023, 17:23:00) [Clang 14.0.3 (clang-1403.0.22.14.1)], pyOpenSSL 23.1.1 (OpenSSL 3.1.0 14 Mar 2023), cryptography 40.0.2, Platform macOS-13.2.1-arm64-arm-64bit
2023-09-03 00:00:02 [scrapy.crawler] INFO: Overridden settings:
{}
2023-09-03 00:00:02 [py.warnings] WARNING: /opt/homebrew/lib/python3.11/site-packages/scrapy/utils/request.py:232: ScrapyDeprecationWarning: '2.6' is a deprecated value for the 'REQUEST_FINGERPRINTER_IMPLEMENTATION' setting.

It is also the default value. In other words, it is normal to get this warning if you have not defined a value for the 'REQUEST_FINGERPRINTER_IMPLEMENTATION' setting. This is so for backward compatibility reasons, but it will change in a future version of Scrapy.

See the documentation of the 'REQUEST_FINGERPRINTER_IMPLEMENTATION' setting for information on how to handle this deprecation.
  return cls(crawler)

2023-09-03 00:00:02 [scrapy.utils.log] DEBUG: Using reactor: twisted.internet.selectreactor.SelectReactor
2023-09-03 00:00:02 [scrapy.extensions.telnet] INFO: Telnet Password: 3c1d6a9fc599f7f1
2023-09-03 00:00:02 [scrapy.middleware] INFO: Enabled extensions:
['scrapy.extensions.corestats.CoreStats',
 'scrapy.extensions.telnet.TelnetConsole',
 'scrapy.extensions.memusage.MemoryUsage',
 'scrapy.extensions.logstats.LogStats']
2023-09-03 00:00:02 [scrapy.middleware] INFO: Enabled downloader middlewares:
['scrapy.downloadermiddlewares.httpauth.HttpAuthMiddleware',
 'scrapy.downloadermiddlewares.downloadtimeout.DownloadTimeoutMiddleware',
 'scrapy.downloadermiddlewares.defaultheaders.DefaultHeadersMiddleware',
 'scrapy.downloadermiddlewares.useragent.UserAgentMiddleware',
 'scrapy.downloadermiddlewares.retry.RetryMiddleware',
 'scrapy.downloadermiddlewares.redirect.MetaRefreshMiddleware',
 'scrapy.downloadermiddlewares.httpcompression.HttpCompressionMiddleware',
 'scrapy.downloadermiddlewares.redirect.RedirectMiddleware',
 'scrapy.downloadermiddlewares.cookies.CookiesMiddleware',
 'scrapy.downloadermiddlewares.httpproxy.HttpProxyMiddleware',
 'scrapy.downloadermiddlewares.stats.DownloaderStats']
2023-09-03 00:00:02 [scrapy.middleware] INFO: Enabled spider middlewares:
['scrapy.spidermiddlewares.httperror.HttpErrorMiddleware',
 'scrapy.spidermiddlewares.offsite.OffsiteMiddleware',
 'scrapy.spidermiddlewares.referer.RefererMiddleware',
 'scrapy.spidermiddlewares.urllength.UrlLengthMiddleware',
 'scrapy.spidermiddlewares.depth.DepthMiddleware']
2023-09-03 00:00:02 [scrapy.middleware] INFO: Enabled item pipelines:
[]
2023-09-03 00:00:02 [scrapy.core.engine] INFO: Spider opened
2023-09-03 00:00:02 [scrapy.extensions.logstats] INFO: Crawled 0 pages (at 0 pages/min), scraped 0 items (at 0 items/min)
2023-09-03 00:00:02 [scrapy.extensions.telnet] INFO: Telnet console listening on 127.0.0.1:6023
2023-09-03 00:00:06 [scrapy.core.engine] DEBUG: Crawled (200) <GET https://www.thegreenscentennial.com/> (referer: None)
2023-09-03 00:00:06 [scrapy.core.engine] INFO: Closing spider (finished)
2023-09-03 00:00:06 [scrapy.statscollectors] INFO: Dumping Scrapy stats:
{'downloader/request_bytes': 227,
 'downloader/request_count': 1,
 'downloader/request_method_count/GET': 1,
 'downloader/response_bytes': 58519,
 'downloader/response_count': 1,
 'downloader/response_status_count/200': 1,
 'elapsed_time_seconds': 3.545508,
 'finish_reason': 'finished',
 'finish_time': datetime.datetime(2023, 9, 2, 22, 0, 6, 388690),
 'httpcompression/response_bytes': 371399,
 'httpcompression/response_count': 1,
 'log_count/DEBUG': 2,
 'log_count/INFO': 10,
 'log_count/WARNING': 1,
 'memusage/max': 70434816,
 'memusage/startup': 70434816,
 'response_received_count': 1,
 'scheduler/dequeued': 1,
 'scheduler/dequeued/memory': 1,
 'scheduler/enqueued': 1,
 'scheduler/enqueued/memory': 1,
 'start_time': datetime.datetime(2023, 9, 2, 22, 0, 2, 843182)}
2023-09-03 00:00:06 [scrapy.core.engine] INFO: Spider closed (finished)
Command-line arguments: ['runspider', 'crawl.py', '-o', '/Users/mingwandowski/Developer/greens_crawl/greens.jsonl']
2023-09-07 00:00:02 [scrapy.utils.log] INFO: Scrapy 2.9.0 started (bot: scrapybot)
2023-09-07 00:00:02 [scrapy.utils.log] INFO: Versions: lxml 4.9.2.0, libxml2 2.9.13, cssselect 1.2.0, parsel 1.8.1, w3lib 2.1.1, Twisted 22.10.0, Python 3.11.4 (main, Jun 20 2023, 17:23:00) [Clang 14.0.3 (clang-1403.0.22.14.1)], pyOpenSSL 23.1.1 (OpenSSL 3.1.0 14 Mar 2023), cryptography 40.0.2, Platform macOS-13.2.1-arm64-arm-64bit
2023-09-07 00:00:02 [scrapy.crawler] INFO: Overridden settings:
{}
2023-09-07 00:00:02 [py.warnings] WARNING: /opt/homebrew/lib/python3.11/site-packages/scrapy/utils/request.py:232: ScrapyDeprecationWarning: '2.6' is a deprecated value for the 'REQUEST_FINGERPRINTER_IMPLEMENTATION' setting.

It is also the default value. In other words, it is normal to get this warning if you have not defined a value for the 'REQUEST_FINGERPRINTER_IMPLEMENTATION' setting. This is so for backward compatibility reasons, but it will change in a future version of Scrapy.

See the documentation of the 'REQUEST_FINGERPRINTER_IMPLEMENTATION' setting for information on how to handle this deprecation.
  return cls(crawler)

2023-09-07 00:00:02 [scrapy.utils.log] DEBUG: Using reactor: twisted.internet.selectreactor.SelectReactor
2023-09-07 00:00:02 [scrapy.extensions.telnet] INFO: Telnet Password: cc6a52d40cefbc8a
2023-09-07 00:00:02 [scrapy.middleware] INFO: Enabled extensions:
['scrapy.extensions.corestats.CoreStats',
 'scrapy.extensions.telnet.TelnetConsole',
 'scrapy.extensions.memusage.MemoryUsage',
 'scrapy.extensions.logstats.LogStats']
2023-09-07 00:00:02 [scrapy.middleware] INFO: Enabled downloader middlewares:
['scrapy.downloadermiddlewares.httpauth.HttpAuthMiddleware',
 'scrapy.downloadermiddlewares.downloadtimeout.DownloadTimeoutMiddleware',
 'scrapy.downloadermiddlewares.defaultheaders.DefaultHeadersMiddleware',
 'scrapy.downloadermiddlewares.useragent.UserAgentMiddleware',
 'scrapy.downloadermiddlewares.retry.RetryMiddleware',
 'scrapy.downloadermiddlewares.redirect.MetaRefreshMiddleware',
 'scrapy.downloadermiddlewares.httpcompression.HttpCompressionMiddleware',
 'scrapy.downloadermiddlewares.redirect.RedirectMiddleware',
 'scrapy.downloadermiddlewares.cookies.CookiesMiddleware',
 'scrapy.downloadermiddlewares.httpproxy.HttpProxyMiddleware',
 'scrapy.downloadermiddlewares.stats.DownloaderStats']
2023-09-07 00:00:02 [scrapy.middleware] INFO: Enabled spider middlewares:
['scrapy.spidermiddlewares.httperror.HttpErrorMiddleware',
 'scrapy.spidermiddlewares.offsite.OffsiteMiddleware',
 'scrapy.spidermiddlewares.referer.RefererMiddleware',
 'scrapy.spidermiddlewares.urllength.UrlLengthMiddleware',
 'scrapy.spidermiddlewares.depth.DepthMiddleware']
2023-09-07 00:00:02 [scrapy.middleware] INFO: Enabled item pipelines:
[]
2023-09-07 00:00:02 [scrapy.core.engine] INFO: Spider opened
2023-09-07 00:00:02 [scrapy.extensions.logstats] INFO: Crawled 0 pages (at 0 pages/min), scraped 0 items (at 0 items/min)
2023-09-07 00:00:02 [scrapy.extensions.telnet] INFO: Telnet console listening on 127.0.0.1:6023
2023-09-07 00:00:06 [scrapy.core.engine] DEBUG: Crawled (200) <GET https://www.thegreenscentennial.com/> (referer: None)
2023-09-07 00:00:07 [scrapy.core.engine] INFO: Closing spider (finished)
2023-09-07 00:00:07 [scrapy.statscollectors] INFO: Dumping Scrapy stats:
{'downloader/request_bytes': 227,
 'downloader/request_count': 1,
 'downloader/request_method_count/GET': 1,
 'downloader/response_bytes': 57806,
 'downloader/response_count': 1,
 'downloader/response_status_count/200': 1,
 'elapsed_time_seconds': 4.281378,
 'finish_reason': 'finished',
 'finish_time': datetime.datetime(2023, 9, 6, 22, 0, 7, 18476),
 'httpcompression/response_bytes': 369728,
 'httpcompression/response_count': 1,
 'log_count/DEBUG': 2,
 'log_count/INFO': 10,
 'log_count/WARNING': 1,
 'memusage/max': 71778304,
 'memusage/startup': 71778304,
 'response_received_count': 1,
 'scheduler/dequeued': 1,
 'scheduler/dequeued/memory': 1,
 'scheduler/enqueued': 1,
 'scheduler/enqueued/memory': 1,
 'start_time': datetime.datetime(2023, 9, 6, 22, 0, 2, 737098)}
2023-09-07 00:00:07 [scrapy.core.engine] INFO: Spider closed (finished)
Command-line arguments: ['runspider', 'crawl.py', '-o', '/Users/mingwandowski/Developer/greens_crawl/greens.jsonl']
2023-09-08 00:00:25 [scrapy.utils.log] INFO: Scrapy 2.9.0 started (bot: scrapybot)
2023-09-08 00:00:25 [scrapy.utils.log] INFO: Versions: lxml 4.9.2.0, libxml2 2.9.13, cssselect 1.2.0, parsel 1.8.1, w3lib 2.1.1, Twisted 22.10.0, Python 3.11.4 (main, Jun 20 2023, 17:23:00) [Clang 14.0.3 (clang-1403.0.22.14.1)], pyOpenSSL 23.1.1 (OpenSSL 3.1.0 14 Mar 2023), cryptography 40.0.2, Platform macOS-13.2.1-arm64-arm-64bit
2023-09-08 00:00:25 [scrapy.crawler] INFO: Overridden settings:
{}
2023-09-08 00:00:25 [py.warnings] WARNING: /opt/homebrew/lib/python3.11/site-packages/scrapy/utils/request.py:232: ScrapyDeprecationWarning: '2.6' is a deprecated value for the 'REQUEST_FINGERPRINTER_IMPLEMENTATION' setting.

It is also the default value. In other words, it is normal to get this warning if you have not defined a value for the 'REQUEST_FINGERPRINTER_IMPLEMENTATION' setting. This is so for backward compatibility reasons, but it will change in a future version of Scrapy.

See the documentation of the 'REQUEST_FINGERPRINTER_IMPLEMENTATION' setting for information on how to handle this deprecation.
  return cls(crawler)

2023-09-08 00:00:25 [scrapy.utils.log] DEBUG: Using reactor: twisted.internet.selectreactor.SelectReactor
2023-09-08 00:00:25 [scrapy.extensions.telnet] INFO: Telnet Password: b9842bd70dad414b
2023-09-08 00:00:25 [scrapy.middleware] INFO: Enabled extensions:
['scrapy.extensions.corestats.CoreStats',
 'scrapy.extensions.telnet.TelnetConsole',
 'scrapy.extensions.memusage.MemoryUsage',
 'scrapy.extensions.logstats.LogStats']
2023-09-08 00:00:26 [scrapy.middleware] INFO: Enabled downloader middlewares:
['scrapy.downloadermiddlewares.httpauth.HttpAuthMiddleware',
 'scrapy.downloadermiddlewares.downloadtimeout.DownloadTimeoutMiddleware',
 'scrapy.downloadermiddlewares.defaultheaders.DefaultHeadersMiddleware',
 'scrapy.downloadermiddlewares.useragent.UserAgentMiddleware',
 'scrapy.downloadermiddlewares.retry.RetryMiddleware',
 'scrapy.downloadermiddlewares.redirect.MetaRefreshMiddleware',
 'scrapy.downloadermiddlewares.httpcompression.HttpCompressionMiddleware',
 'scrapy.downloadermiddlewares.redirect.RedirectMiddleware',
 'scrapy.downloadermiddlewares.cookies.CookiesMiddleware',
 'scrapy.downloadermiddlewares.httpproxy.HttpProxyMiddleware',
 'scrapy.downloadermiddlewares.stats.DownloaderStats']
2023-09-08 00:00:26 [scrapy.middleware] INFO: Enabled spider middlewares:
['scrapy.spidermiddlewares.httperror.HttpErrorMiddleware',
 'scrapy.spidermiddlewares.offsite.OffsiteMiddleware',
 'scrapy.spidermiddlewares.referer.RefererMiddleware',
 'scrapy.spidermiddlewares.urllength.UrlLengthMiddleware',
 'scrapy.spidermiddlewares.depth.DepthMiddleware']
2023-09-08 00:00:26 [scrapy.middleware] INFO: Enabled item pipelines:
[]
2023-09-08 00:00:26 [scrapy.core.engine] INFO: Spider opened
2023-09-08 00:00:26 [scrapy.extensions.logstats] INFO: Crawled 0 pages (at 0 pages/min), scraped 0 items (at 0 items/min)
2023-09-08 00:00:26 [scrapy.extensions.telnet] INFO: Telnet console listening on 127.0.0.1:6023
2023-09-08 00:00:27 [scrapy.core.engine] DEBUG: Crawled (200) <GET https://www.thegreenscentennial.com/> (referer: None)
2023-09-08 00:00:27 [scrapy.core.engine] INFO: Closing spider (finished)
2023-09-08 00:00:27 [scrapy.statscollectors] INFO: Dumping Scrapy stats:
{'downloader/request_bytes': 227,
 'downloader/request_count': 1,
 'downloader/request_method_count/GET': 1,
 'downloader/response_bytes': 58521,
 'downloader/response_count': 1,
 'downloader/response_status_count/200': 1,
 'elapsed_time_seconds': 1.044769,
 'finish_reason': 'finished',
 'finish_time': datetime.datetime(2023, 9, 7, 22, 0, 27, 972320),
 'httpcompression/response_bytes': 371399,
 'httpcompression/response_count': 1,
 'log_count/DEBUG': 2,
 'log_count/INFO': 10,
 'log_count/WARNING': 1,
 'memusage/max': 69451776,
 'memusage/startup': 69451776,
 'response_received_count': 1,
 'scheduler/dequeued': 1,
 'scheduler/dequeued/memory': 1,
 'scheduler/enqueued': 1,
 'scheduler/enqueued/memory': 1,
 'start_time': datetime.datetime(2023, 9, 7, 22, 0, 26, 927551)}
2023-09-08 00:00:27 [scrapy.core.engine] INFO: Spider closed (finished)
Command-line arguments: ['runspider', 'crawl.py', '-o', '/Users/mingwandowski/Developer/greens_crawl/greens.jsonl']
2023-09-09 00:00:02 [scrapy.utils.log] INFO: Scrapy 2.9.0 started (bot: scrapybot)
2023-09-09 00:00:02 [scrapy.utils.log] INFO: Versions: lxml 4.9.2.0, libxml2 2.9.13, cssselect 1.2.0, parsel 1.8.1, w3lib 2.1.1, Twisted 22.10.0, Python 3.11.4 (main, Jun 20 2023, 17:23:00) [Clang 14.0.3 (clang-1403.0.22.14.1)], pyOpenSSL 23.1.1 (OpenSSL 3.1.0 14 Mar 2023), cryptography 40.0.2, Platform macOS-13.2.1-arm64-arm-64bit
2023-09-09 00:00:02 [scrapy.crawler] INFO: Overridden settings:
{}
2023-09-09 00:00:02 [py.warnings] WARNING: /opt/homebrew/lib/python3.11/site-packages/scrapy/utils/request.py:232: ScrapyDeprecationWarning: '2.6' is a deprecated value for the 'REQUEST_FINGERPRINTER_IMPLEMENTATION' setting.

It is also the default value. In other words, it is normal to get this warning if you have not defined a value for the 'REQUEST_FINGERPRINTER_IMPLEMENTATION' setting. This is so for backward compatibility reasons, but it will change in a future version of Scrapy.

See the documentation of the 'REQUEST_FINGERPRINTER_IMPLEMENTATION' setting for information on how to handle this deprecation.
  return cls(crawler)

2023-09-09 00:00:02 [scrapy.utils.log] DEBUG: Using reactor: twisted.internet.selectreactor.SelectReactor
2023-09-09 00:00:02 [scrapy.extensions.telnet] INFO: Telnet Password: 69c55a673a3c9ff9
2023-09-09 00:00:02 [scrapy.middleware] INFO: Enabled extensions:
['scrapy.extensions.corestats.CoreStats',
 'scrapy.extensions.telnet.TelnetConsole',
 'scrapy.extensions.memusage.MemoryUsage',
 'scrapy.extensions.logstats.LogStats']
2023-09-09 00:00:02 [scrapy.middleware] INFO: Enabled downloader middlewares:
['scrapy.downloadermiddlewares.httpauth.HttpAuthMiddleware',
 'scrapy.downloadermiddlewares.downloadtimeout.DownloadTimeoutMiddleware',
 'scrapy.downloadermiddlewares.defaultheaders.DefaultHeadersMiddleware',
 'scrapy.downloadermiddlewares.useragent.UserAgentMiddleware',
 'scrapy.downloadermiddlewares.retry.RetryMiddleware',
 'scrapy.downloadermiddlewares.redirect.MetaRefreshMiddleware',
 'scrapy.downloadermiddlewares.httpcompression.HttpCompressionMiddleware',
 'scrapy.downloadermiddlewares.redirect.RedirectMiddleware',
 'scrapy.downloadermiddlewares.cookies.CookiesMiddleware',
 'scrapy.downloadermiddlewares.httpproxy.HttpProxyMiddleware',
 'scrapy.downloadermiddlewares.stats.DownloaderStats']
2023-09-09 00:00:02 [scrapy.middleware] INFO: Enabled spider middlewares:
['scrapy.spidermiddlewares.httperror.HttpErrorMiddleware',
 'scrapy.spidermiddlewares.offsite.OffsiteMiddleware',
 'scrapy.spidermiddlewares.referer.RefererMiddleware',
 'scrapy.spidermiddlewares.urllength.UrlLengthMiddleware',
 'scrapy.spidermiddlewares.depth.DepthMiddleware']
2023-09-09 00:00:02 [scrapy.middleware] INFO: Enabled item pipelines:
[]
2023-09-09 00:00:02 [scrapy.core.engine] INFO: Spider opened
2023-09-09 00:00:02 [scrapy.extensions.logstats] INFO: Crawled 0 pages (at 0 pages/min), scraped 0 items (at 0 items/min)
2023-09-09 00:00:02 [scrapy.extensions.telnet] INFO: Telnet console listening on 127.0.0.1:6023
2023-09-09 00:00:06 [scrapy.core.engine] DEBUG: Crawled (200) <GET https://www.thegreenscentennial.com/> (referer: None)
2023-09-09 00:00:06 [scrapy.core.engine] INFO: Closing spider (finished)
2023-09-09 00:00:06 [scrapy.statscollectors] INFO: Dumping Scrapy stats:
{'downloader/request_bytes': 227,
 'downloader/request_count': 1,
 'downloader/request_method_count/GET': 1,
 'downloader/response_bytes': 57813,
 'downloader/response_count': 1,
 'downloader/response_status_count/200': 1,
 'elapsed_time_seconds': 4.198156,
 'finish_reason': 'finished',
 'finish_time': datetime.datetime(2023, 9, 8, 22, 0, 6, 721065),
 'httpcompression/response_bytes': 369728,
 'httpcompression/response_count': 1,
 'log_count/DEBUG': 2,
 'log_count/INFO': 10,
 'log_count/WARNING': 1,
 'memusage/max': 71548928,
 'memusage/startup': 71548928,
 'response_received_count': 1,
 'scheduler/dequeued': 1,
 'scheduler/dequeued/memory': 1,
 'scheduler/enqueued': 1,
 'scheduler/enqueued/memory': 1,
 'start_time': datetime.datetime(2023, 9, 8, 22, 0, 2, 522909)}
2023-09-09 00:00:06 [scrapy.core.engine] INFO: Spider closed (finished)
Command-line arguments: ['runspider', 'crawl.py', '-o', '/Users/mingwandowski/Developer/greens_crawl/greens.jsonl']
2023-09-10 00:04:41 [scrapy.utils.log] INFO: Scrapy 2.9.0 started (bot: scrapybot)
2023-09-10 00:04:41 [scrapy.utils.log] INFO: Versions: lxml 4.9.2.0, libxml2 2.9.13, cssselect 1.2.0, parsel 1.8.1, w3lib 2.1.1, Twisted 22.10.0, Python 3.11.4 (main, Jun 20 2023, 17:23:00) [Clang 14.0.3 (clang-1403.0.22.14.1)], pyOpenSSL 23.1.1 (OpenSSL 3.1.0 14 Mar 2023), cryptography 40.0.2, Platform macOS-13.2.1-arm64-arm-64bit
2023-09-10 00:04:41 [scrapy.crawler] INFO: Overridden settings:
{}
2023-09-10 00:04:41 [py.warnings] WARNING: /opt/homebrew/lib/python3.11/site-packages/scrapy/utils/request.py:232: ScrapyDeprecationWarning: '2.6' is a deprecated value for the 'REQUEST_FINGERPRINTER_IMPLEMENTATION' setting.

It is also the default value. In other words, it is normal to get this warning if you have not defined a value for the 'REQUEST_FINGERPRINTER_IMPLEMENTATION' setting. This is so for backward compatibility reasons, but it will change in a future version of Scrapy.

See the documentation of the 'REQUEST_FINGERPRINTER_IMPLEMENTATION' setting for information on how to handle this deprecation.
  return cls(crawler)

2023-09-10 00:04:41 [scrapy.utils.log] DEBUG: Using reactor: twisted.internet.selectreactor.SelectReactor
2023-09-10 00:04:41 [scrapy.extensions.telnet] INFO: Telnet Password: 014b3d9555c3d23f
2023-09-10 00:04:41 [scrapy.middleware] INFO: Enabled extensions:
['scrapy.extensions.corestats.CoreStats',
 'scrapy.extensions.telnet.TelnetConsole',
 'scrapy.extensions.memusage.MemoryUsage',
 'scrapy.extensions.logstats.LogStats']
2023-09-10 00:04:41 [scrapy.middleware] INFO: Enabled downloader middlewares:
['scrapy.downloadermiddlewares.httpauth.HttpAuthMiddleware',
 'scrapy.downloadermiddlewares.downloadtimeout.DownloadTimeoutMiddleware',
 'scrapy.downloadermiddlewares.defaultheaders.DefaultHeadersMiddleware',
 'scrapy.downloadermiddlewares.useragent.UserAgentMiddleware',
 'scrapy.downloadermiddlewares.retry.RetryMiddleware',
 'scrapy.downloadermiddlewares.redirect.MetaRefreshMiddleware',
 'scrapy.downloadermiddlewares.httpcompression.HttpCompressionMiddleware',
 'scrapy.downloadermiddlewares.redirect.RedirectMiddleware',
 'scrapy.downloadermiddlewares.cookies.CookiesMiddleware',
 'scrapy.downloadermiddlewares.httpproxy.HttpProxyMiddleware',
 'scrapy.downloadermiddlewares.stats.DownloaderStats']
2023-09-10 00:04:41 [scrapy.middleware] INFO: Enabled spider middlewares:
['scrapy.spidermiddlewares.httperror.HttpErrorMiddleware',
 'scrapy.spidermiddlewares.offsite.OffsiteMiddleware',
 'scrapy.spidermiddlewares.referer.RefererMiddleware',
 'scrapy.spidermiddlewares.urllength.UrlLengthMiddleware',
 'scrapy.spidermiddlewares.depth.DepthMiddleware']
2023-09-10 00:04:41 [scrapy.middleware] INFO: Enabled item pipelines:
[]
2023-09-10 00:04:41 [scrapy.core.engine] INFO: Spider opened
2023-09-10 00:04:42 [scrapy.extensions.logstats] INFO: Crawled 0 pages (at 0 pages/min), scraped 0 items (at 0 items/min)
2023-09-10 00:04:42 [scrapy.extensions.telnet] INFO: Telnet console listening on 127.0.0.1:6023
2023-09-10 00:04:42 [scrapy.core.engine] DEBUG: Crawled (200) <GET https://www.thegreenscentennial.com/> (referer: None)
2023-09-10 00:04:43 [scrapy.core.engine] INFO: Closing spider (finished)
2023-09-10 00:04:43 [scrapy.statscollectors] INFO: Dumping Scrapy stats:
{'downloader/request_bytes': 227,
 'downloader/request_count': 1,
 'downloader/request_method_count/GET': 1,
 'downloader/response_bytes': 57813,
 'downloader/response_count': 1,
 'downloader/response_status_count/200': 1,
 'elapsed_time_seconds': 1.025996,
 'finish_reason': 'finished',
 'finish_time': datetime.datetime(2023, 9, 9, 22, 4, 43, 107147),
 'httpcompression/response_bytes': 369728,
 'httpcompression/response_count': 1,
 'log_count/DEBUG': 2,
 'log_count/INFO': 10,
 'log_count/WARNING': 1,
 'memusage/max': 71303168,
 'memusage/startup': 71303168,
 'response_received_count': 1,
 'scheduler/dequeued': 1,
 'scheduler/dequeued/memory': 1,
 'scheduler/enqueued': 1,
 'scheduler/enqueued/memory': 1,
 'start_time': datetime.datetime(2023, 9, 9, 22, 4, 42, 81151)}
2023-09-10 00:04:43 [scrapy.core.engine] INFO: Spider closed (finished)
Command-line arguments: ['runspider', 'crawl.py', '-o', '/Users/mingwandowski/Developer/greens_crawl/greens.jsonl']
2023-09-11 00:00:24 [scrapy.utils.log] INFO: Scrapy 2.9.0 started (bot: scrapybot)
2023-09-11 00:00:24 [scrapy.utils.log] INFO: Versions: lxml 4.9.2.0, libxml2 2.9.13, cssselect 1.2.0, parsel 1.8.1, w3lib 2.1.1, Twisted 22.10.0, Python 3.11.4 (main, Jun 20 2023, 17:23:00) [Clang 14.0.3 (clang-1403.0.22.14.1)], pyOpenSSL 23.1.1 (OpenSSL 3.1.0 14 Mar 2023), cryptography 40.0.2, Platform macOS-13.2.1-arm64-arm-64bit
2023-09-11 00:00:24 [scrapy.crawler] INFO: Overridden settings:
{}
2023-09-11 00:00:24 [py.warnings] WARNING: /opt/homebrew/lib/python3.11/site-packages/scrapy/utils/request.py:232: ScrapyDeprecationWarning: '2.6' is a deprecated value for the 'REQUEST_FINGERPRINTER_IMPLEMENTATION' setting.

It is also the default value. In other words, it is normal to get this warning if you have not defined a value for the 'REQUEST_FINGERPRINTER_IMPLEMENTATION' setting. This is so for backward compatibility reasons, but it will change in a future version of Scrapy.

See the documentation of the 'REQUEST_FINGERPRINTER_IMPLEMENTATION' setting for information on how to handle this deprecation.
  return cls(crawler)

2023-09-11 00:00:24 [scrapy.utils.log] DEBUG: Using reactor: twisted.internet.selectreactor.SelectReactor
2023-09-11 00:00:24 [scrapy.extensions.telnet] INFO: Telnet Password: 783619f8f22b7558
2023-09-11 00:00:24 [scrapy.middleware] INFO: Enabled extensions:
['scrapy.extensions.corestats.CoreStats',
 'scrapy.extensions.telnet.TelnetConsole',
 'scrapy.extensions.memusage.MemoryUsage',
 'scrapy.extensions.logstats.LogStats']
2023-09-11 00:00:24 [scrapy.middleware] INFO: Enabled downloader middlewares:
['scrapy.downloadermiddlewares.httpauth.HttpAuthMiddleware',
 'scrapy.downloadermiddlewares.downloadtimeout.DownloadTimeoutMiddleware',
 'scrapy.downloadermiddlewares.defaultheaders.DefaultHeadersMiddleware',
 'scrapy.downloadermiddlewares.useragent.UserAgentMiddleware',
 'scrapy.downloadermiddlewares.retry.RetryMiddleware',
 'scrapy.downloadermiddlewares.redirect.MetaRefreshMiddleware',
 'scrapy.downloadermiddlewares.httpcompression.HttpCompressionMiddleware',
 'scrapy.downloadermiddlewares.redirect.RedirectMiddleware',
 'scrapy.downloadermiddlewares.cookies.CookiesMiddleware',
 'scrapy.downloadermiddlewares.httpproxy.HttpProxyMiddleware',
 'scrapy.downloadermiddlewares.stats.DownloaderStats']
2023-09-11 00:00:24 [scrapy.middleware] INFO: Enabled spider middlewares:
['scrapy.spidermiddlewares.httperror.HttpErrorMiddleware',
 'scrapy.spidermiddlewares.offsite.OffsiteMiddleware',
 'scrapy.spidermiddlewares.referer.RefererMiddleware',
 'scrapy.spidermiddlewares.urllength.UrlLengthMiddleware',
 'scrapy.spidermiddlewares.depth.DepthMiddleware']
2023-09-11 00:00:24 [scrapy.middleware] INFO: Enabled item pipelines:
[]
2023-09-11 00:00:24 [scrapy.core.engine] INFO: Spider opened
2023-09-11 00:00:25 [scrapy.extensions.logstats] INFO: Crawled 0 pages (at 0 pages/min), scraped 0 items (at 0 items/min)
2023-09-11 00:00:25 [scrapy.extensions.telnet] INFO: Telnet console listening on 127.0.0.1:6023
2023-09-11 00:00:26 [scrapy.core.engine] DEBUG: Crawled (200) <GET https://www.thegreenscentennial.com/> (referer: None)
2023-09-11 00:00:26 [scrapy.core.engine] INFO: Closing spider (finished)
2023-09-11 00:00:26 [scrapy.statscollectors] INFO: Dumping Scrapy stats:
{'downloader/request_bytes': 227,
 'downloader/request_count': 1,
 'downloader/request_method_count/GET': 1,
 'downloader/response_bytes': 57375,
 'downloader/response_count': 1,
 'downloader/response_status_count/200': 1,
 'elapsed_time_seconds': 1.338294,
 'finish_reason': 'finished',
 'finish_time': datetime.datetime(2023, 9, 10, 22, 0, 26, 414011),
 'httpcompression/response_bytes': 354108,
 'httpcompression/response_count': 1,
 'log_count/DEBUG': 2,
 'log_count/INFO': 10,
 'log_count/WARNING': 1,
 'memusage/max': 71090176,
 'memusage/startup': 71090176,
 'response_received_count': 1,
 'scheduler/dequeued': 1,
 'scheduler/dequeued/memory': 1,
 'scheduler/enqueued': 1,
 'scheduler/enqueued/memory': 1,
 'start_time': datetime.datetime(2023, 9, 10, 22, 0, 25, 75717)}
2023-09-11 00:00:26 [scrapy.core.engine] INFO: Spider closed (finished)
Command-line arguments: ['runspider', 'crawl.py', '-o', '/Users/mingwandowski/Developer/greens_crawl/greens.jsonl']
2023-09-12 00:00:02 [scrapy.utils.log] INFO: Scrapy 2.9.0 started (bot: scrapybot)
2023-09-12 00:00:02 [scrapy.utils.log] INFO: Versions: lxml 4.9.2.0, libxml2 2.9.13, cssselect 1.2.0, parsel 1.8.1, w3lib 2.1.1, Twisted 22.10.0, Python 3.11.4 (main, Jun 20 2023, 17:23:00) [Clang 14.0.3 (clang-1403.0.22.14.1)], pyOpenSSL 23.1.1 (OpenSSL 3.1.0 14 Mar 2023), cryptography 40.0.2, Platform macOS-13.2.1-arm64-arm-64bit
2023-09-12 00:00:02 [scrapy.crawler] INFO: Overridden settings:
{}
2023-09-12 00:00:02 [py.warnings] WARNING: /opt/homebrew/lib/python3.11/site-packages/scrapy/utils/request.py:232: ScrapyDeprecationWarning: '2.6' is a deprecated value for the 'REQUEST_FINGERPRINTER_IMPLEMENTATION' setting.

It is also the default value. In other words, it is normal to get this warning if you have not defined a value for the 'REQUEST_FINGERPRINTER_IMPLEMENTATION' setting. This is so for backward compatibility reasons, but it will change in a future version of Scrapy.

See the documentation of the 'REQUEST_FINGERPRINTER_IMPLEMENTATION' setting for information on how to handle this deprecation.
  return cls(crawler)

2023-09-12 00:00:02 [scrapy.utils.log] DEBUG: Using reactor: twisted.internet.selectreactor.SelectReactor
2023-09-12 00:00:02 [scrapy.extensions.telnet] INFO: Telnet Password: 3cee97e9709d5628
2023-09-12 00:00:02 [scrapy.middleware] INFO: Enabled extensions:
['scrapy.extensions.corestats.CoreStats',
 'scrapy.extensions.telnet.TelnetConsole',
 'scrapy.extensions.memusage.MemoryUsage',
 'scrapy.extensions.logstats.LogStats']
2023-09-12 00:00:02 [scrapy.middleware] INFO: Enabled downloader middlewares:
['scrapy.downloadermiddlewares.httpauth.HttpAuthMiddleware',
 'scrapy.downloadermiddlewares.downloadtimeout.DownloadTimeoutMiddleware',
 'scrapy.downloadermiddlewares.defaultheaders.DefaultHeadersMiddleware',
 'scrapy.downloadermiddlewares.useragent.UserAgentMiddleware',
 'scrapy.downloadermiddlewares.retry.RetryMiddleware',
 'scrapy.downloadermiddlewares.redirect.MetaRefreshMiddleware',
 'scrapy.downloadermiddlewares.httpcompression.HttpCompressionMiddleware',
 'scrapy.downloadermiddlewares.redirect.RedirectMiddleware',
 'scrapy.downloadermiddlewares.cookies.CookiesMiddleware',
 'scrapy.downloadermiddlewares.httpproxy.HttpProxyMiddleware',
 'scrapy.downloadermiddlewares.stats.DownloaderStats']
2023-09-12 00:00:02 [scrapy.middleware] INFO: Enabled spider middlewares:
['scrapy.spidermiddlewares.httperror.HttpErrorMiddleware',
 'scrapy.spidermiddlewares.offsite.OffsiteMiddleware',
 'scrapy.spidermiddlewares.referer.RefererMiddleware',
 'scrapy.spidermiddlewares.urllength.UrlLengthMiddleware',
 'scrapy.spidermiddlewares.depth.DepthMiddleware']
2023-09-12 00:00:02 [scrapy.middleware] INFO: Enabled item pipelines:
[]
2023-09-12 00:00:02 [scrapy.core.engine] INFO: Spider opened
2023-09-12 00:00:02 [scrapy.extensions.logstats] INFO: Crawled 0 pages (at 0 pages/min), scraped 0 items (at 0 items/min)
2023-09-12 00:00:02 [scrapy.extensions.telnet] INFO: Telnet console listening on 127.0.0.1:6023
2023-09-12 00:00:06 [scrapy.core.engine] DEBUG: Crawled (200) <GET https://www.thegreenscentennial.com/> (referer: None)
2023-09-12 00:00:06 [scrapy.core.engine] INFO: Closing spider (finished)
2023-09-12 00:00:06 [scrapy.statscollectors] INFO: Dumping Scrapy stats:
{'downloader/request_bytes': 227,
 'downloader/request_count': 1,
 'downloader/request_method_count/GET': 1,
 'downloader/response_bytes': 57374,
 'downloader/response_count': 1,
 'downloader/response_status_count/200': 1,
 'elapsed_time_seconds': 3.460717,
 'finish_reason': 'finished',
 'finish_time': datetime.datetime(2023, 9, 11, 22, 0, 6, 314825),
 'httpcompression/response_bytes': 354108,
 'httpcompression/response_count': 1,
 'log_count/DEBUG': 2,
 'log_count/INFO': 10,
 'log_count/WARNING': 1,
 'memusage/max': 71073792,
 'memusage/startup': 71073792,
 'response_received_count': 1,
 'scheduler/dequeued': 1,
 'scheduler/dequeued/memory': 1,
 'scheduler/enqueued': 1,
 'scheduler/enqueued/memory': 1,
 'start_time': datetime.datetime(2023, 9, 11, 22, 0, 2, 854108)}
2023-09-12 00:00:06 [scrapy.core.engine] INFO: Spider closed (finished)
Command-line arguments: ['runspider', 'crawl.py', '-o', '/Users/mingwandowski/Developer/greens_crawl/greens.jsonl']
